2023-05-11 08:16:34,419 {HH:mm:ss.SSS} INFO com.ciq.dao.EmployeeDaoImpl [main] INFO  com.ciq.dao.EmployeeDaoImpl - dao impl row mapper method ends here ..........
2023-05-11 08:16:34,428 {HH:mm:ss.SSS} INFO com.ciq.dao.EmployeeDaoImpl [main] INFO  com.ciq.dao.EmployeeDaoImpl - dao impl row mapper method ends here ..........
2023-05-11 08:16:34,428 {HH:mm:ss.SSS} INFO com.ciq.dao.EmployeeDaoImpl [main] INFO  com.ciq.dao.EmployeeDaoImpl - dao impl jdbc template method executing query here ..........
2023-05-11 08:16:35,130 {HH:mm:ss.SSS} INFO com.ciq.dao.EmployeeDaoImpl [main] INFO  com.ciq.dao.EmployeeDaoImpl -  row mapper  ..........
2023-05-11 08:16:35,131 {HH:mm:ss.SSS} INFO com.ciq.dao.EmployeeDaoImpl [main] INFO  com.ciq.dao.EmployeeDaoImpl -  row mapper  ..........
2023-05-11 08:16:35,132 {HH:mm:ss.SSS} INFO com.ciq.dao.EmployeeDaoImpl [main] INFO  com.ciq.dao.EmployeeDaoImpl -  row mapper  ..........
2023-05-11 08:16:35,132 {HH:mm:ss.SSS} INFO com.ciq.dao.EmployeeDaoImpl [main] INFO  com.ciq.dao.EmployeeDaoImpl -  row mapper  ..........
2023-05-11 08:16:35,139 {HH:mm:ss.SSS} INFO com.ciq.dao.EmployeeDaoImpl [main] INFO  com.ciq.dao.EmployeeDaoImpl - emps [Employee [id=1, name=anil, salary=22000.0], Employee [id=2, name=sita, salary=32000.0], Employee [id=3, name=ram, salary=32000.0], Employee [id=4, name=shamy, salary=32000.0]]
2023-05-11 09:28:09,850 {HH:mm:ss.SSS} INFO com.ciq.dao.EmployeeDaoImpl [main] INFO  com.ciq.dao.EmployeeDaoImpl - dao impl row mapper method ends here ..........
2023-05-11 09:28:09,852 {HH:mm:ss.SSS} INFO com.ciq.dao.EmployeeDaoImpl [main] INFO  com.ciq.dao.EmployeeDaoImpl - dao impl row mapper method ends here ..........
2023-05-11 09:28:09,852 {HH:mm:ss.SSS} INFO com.ciq.dao.EmployeeDaoImpl [main] INFO  com.ciq.dao.EmployeeDaoImpl - dao impl jdbc template method executing query here ..........
2023-05-11 09:28:10,684 {HH:mm:ss.SSS} INFO com.ciq.dao.EmployeeDaoImpl [main] INFO  com.ciq.dao.EmployeeDaoImpl -  row mapper  ..........
2023-05-11 09:28:10,685 {HH:mm:ss.SSS} INFO com.ciq.dao.EmployeeDaoImpl [main] INFO  com.ciq.dao.EmployeeDaoImpl -  row mapper  ..........
2023-05-11 09:28:10,685 {HH:mm:ss.SSS} INFO com.ciq.dao.EmployeeDaoImpl [main] INFO  com.ciq.dao.EmployeeDaoImpl -  row mapper  ..........
2023-05-11 09:28:10,685 {HH:mm:ss.SSS} INFO com.ciq.dao.EmployeeDaoImpl [main] INFO  com.ciq.dao.EmployeeDaoImpl -  row mapper  ..........
2023-05-11 09:28:10,688 {HH:mm:ss.SSS} INFO com.ciq.dao.EmployeeDaoImpl [main] INFO  com.ciq.dao.EmployeeDaoImpl - emps [Employee [id=1, name=anil, salary=22000.0], Employee [id=2, name=sita, salary=32000.0], Employee [id=3, name=ram, salary=32000.0], Employee [id=4, name=shamy, salary=32000.0]]
2023-05-11 09:36:11,137 {HH:mm:ss.SSS} DEBUG com.ciq.dao.EmployeeRowMapper [main] DEBUG com.ciq.dao.EmployeeRowMapper - emp row mapper execution.........
2023-05-11 09:36:11,138 {HH:mm:ss.SSS} DEBUG com.ciq.dao.EmployeeRowMapper [main] DEBUG com.ciq.dao.EmployeeRowMapper - emp row mapper execution.........
2023-05-11 09:36:11,138 {HH:mm:ss.SSS} DEBUG com.ciq.dao.EmployeeRowMapper [main] DEBUG com.ciq.dao.EmployeeRowMapper - emp row mapper execution.........
2023-05-11 09:36:11,138 {HH:mm:ss.SSS} DEBUG com.ciq.dao.EmployeeRowMapper [main] DEBUG com.ciq.dao.EmployeeRowMapper - emp row mapper execution.........
2023-05-11 09:43:28,142 {HH:mm:ss.SSS} DEBUG com.ciq.dao.EmployeeRowMapper [main] DEBUG com.ciq.dao.EmployeeRowMapper - emp row mapper execution.........
2023-05-11 09:43:28,143 {HH:mm:ss.SSS} DEBUG com.ciq.dao.EmployeeRowMapper [main] DEBUG com.ciq.dao.EmployeeRowMapper - emp row mapper execution.........
2023-05-11 09:43:28,143 {HH:mm:ss.SSS} DEBUG com.ciq.dao.EmployeeRowMapper [main] DEBUG com.ciq.dao.EmployeeRowMapper - emp row mapper execution.........
2023-05-11 09:43:28,143 {HH:mm:ss.SSS} DEBUG com.ciq.dao.EmployeeRowMapper [main] DEBUG com.ciq.dao.EmployeeRowMapper - emp row mapper execution.........
2023-05-11 09:44:04,678 {HH:mm:ss.SSS} INFO com.ciq.dao.EmployeeResultsetExtractor [main] INFO  c.ciq.dao.EmployeeResultsetExtractor - result set extractor..........
